生成启动时间为 2019/4/6 18:42:48。
     1>项目“E:\贪吃蛇\贪吃蛇\贪吃蛇.vcxproj”在节点 2 上(Build 个目标)。
     1>ClCompile:
         D:\Visual Studio 2012\VC\bin\CL.exe /c /ZI /nologo /W3 /WX- /Od /Oy- /D WIN32 /D _DEBUG /D _CONSOLE /D _UNICODE /D UNICODE /Gm /EHsc /RTC1 /MDd /GS /fp:precise /Zc:wchar_t /Zc:forScope /Yu"stdafx.h" /Fp"Debug\贪吃蛇.pch" /Fo"Debug\\" /Fd"Debug\vc110.pdb" /Gd /TP /analyze- /errorReport:prompt "贪吃蛇.cpp"
         贪吃蛇.cpp
     1>e:\贪吃蛇\贪吃蛇\贪吃蛇.cpp(72): warning C4996: 'kbhit': The POSIX name for this item is deprecated. Instead, use the ISO C++ conformant name: _kbhit. See online help for details.
                 d:\visual studio 2012\vc\include\conio.h(133) : 参见“kbhit”的声明
     1>e:\贪吃蛇\贪吃蛇\贪吃蛇.cpp(173): warning C4996: 'getch': The POSIX name for this item is deprecated. Instead, use the ISO C++ conformant name: _getch. See online help for details.
                 d:\visual studio 2012\vc\include\conio.h(131) : 参见“getch”的声明
     1>e:\贪吃蛇\贪吃蛇\贪吃蛇.cpp(205): warning C4996: 'getch': The POSIX name for this item is deprecated. Instead, use the ISO C++ conformant name: _getch. See online help for details.
                 d:\visual studio 2012\vc\include\conio.h(131) : 参见“getch”的声明
     1>e:\贪吃蛇\贪吃蛇\贪吃蛇.cpp(283): warning C4996: '_swprintf': This function or variable may be unsafe. Consider using _swprintf_s instead. To disable deprecation, use _CRT_SECURE_NO_WARNINGS. See online help for details.
                 d:\visual studio 2012\vc\include\stdio.h(530) : 参见“_swprintf”的声明
     1>e:\贪吃蛇\贪吃蛇\贪吃蛇.cpp(298): warning C4996: '_swprintf': This function or variable may be unsafe. Consider using _swprintf_s instead. To disable deprecation, use _CRT_SECURE_NO_WARNINGS. See online help for details.
                 d:\visual studio 2012\vc\include\stdio.h(530) : 参见“_swprintf”的声明
       Link:
         D:\Visual Studio 2012\VC\bin\link.exe /ERRORREPORT:PROMPT /OUT:"E:\贪吃蛇\Debug\贪吃蛇.exe" /INCREMENTAL /NOLOGO kernel32.lib user32.lib gdi32.lib winspool.lib comdlg32.lib advapi32.lib shell32.lib ole32.lib oleaut32.lib uuid.lib odbc32.lib odbccp32.lib /MANIFEST /MANIFESTUAC:"level='asInvoker' uiAccess='false'" /manifest:embed /DEBUG /PDB:"E:\贪吃蛇\Debug\贪吃蛇.pdb" /SUBSYSTEM:CONSOLE /TLBID:1 /DYNAMICBASE /NXCOMPAT /IMPLIB:"E:\贪吃蛇\Debug\贪吃蛇.lib" /MACHINE:X86 Debug\stdafx.obj
         "Debug\贪吃蛇.obj"
         贪吃蛇.vcxproj -> E:\贪吃蛇\Debug\贪吃蛇.exe
     1>已完成生成项目“E:\贪吃蛇\贪吃蛇\贪吃蛇.vcxproj”(Build 个目标)的操作。

生成成功。

已用时间 00:00:02.12
